# Derivatives solution step at time 0 performed in 0 iterations with 0 error
# Key for lines starting with "Step":
# Step Time TStep NIter ResErr SolErr SolConv Out
Step 0 0 0 0 0 0 0 1
Step 1 0.01 0.01 1 7.01399e-011 0 0 1
Step 2 0.02 0.01 1 8.91921e-012 0 0 1
Step 3 0.03 0.01 1 4.74061e-011 0 0 1
Step 4 0.04 0.01 1 6.59975e-011 0 0 1
Step 5 0.05 0.01 1 7.23376e-011 0 0 1
Step 6 0.06 0.01 1 7.42367e-011 0 0 1
Step 7 0.07 0.01 1 7.49597e-011 0 0 1
Step 8 0.08 0.01 1 7.56276e-011 0 0 1
Step 9 0.09 0.01 1 7.65788e-011 0 0 1
Step 10 0.1 0.01 1 7.78985e-011 0 0 1
Step 11 0.11 0.01 1 7.95973e-011 0 0 1
Step 12 0.12 0.01 1 8.16643e-011 0 0 1
Step 13 0.13 0.01 1 8.40831e-011 0 0 1
Step 14 0.14 0.01 1 8.68357e-011 0 0 1
Step 15 0.15 0.01 1 8.99039e-011 0 0 1
Step 16 0.16 0.01 1 9.32706e-011 0 0 1
Step 17 0.17 0.01 1 9.692e-011 0 0 1
Step 18 0.18 0.01 1 1.00838e-010 0 0 1
Step 19 0.19 0.01 1 1.05012e-010 0 0 1
Step 20 0.2 0.01 1 1.09432e-010 0 0 1
Step 21 0.21 0.01 1 1.14088e-010 0 0 1
Step 22 0.22 0.01 1 1.18975e-010 0 0 1
Step 23 0.23 0.01 1 1.24086e-010 0 0 1
Step 24 0.24 0.01 1 1.29419e-010 0 0 1
Step 25 0.25 0.01 1 1.34971e-010 0 0 1
Step 26 0.26 0.01 1 1.40741e-010 0 0 1
Step 27 0.27 0.01 1 1.46729e-010 0 0 1
Step 28 0.28 0.01 1 1.52937e-010 0 0 1
Step 29 0.29 0.01 1 1.59367e-010 0 0 1
Step 30 0.3 0.01 1 1.66022e-010 0 0 1
Step 31 0.31 0.01 1 1.72906e-010 0 0 1
Step 32 0.32 0.01 1 1.80024e-010 0 0 1
Step 33 0.33 0.01 1 1.87381e-010 0 0 1
Step 34 0.34 0.01 1 1.94983e-010 0 0 1
Step 35 0.35 0.01 1 2.02838e-010 0 0 1
Step 36 0.36 0.01 1 2.10952e-010 0 0 1
Step 37 0.37 0.01 1 2.19334e-010 0 0 1
Step 38 0.38 0.01 1 2.27991e-010 0 0 1
Step 39 0.39 0.01 1 2.36933e-010 0 0 1
Step 40 0.4 0.01 1 2.46169e-010 0 0 1
Step 41 0.41 0.01 1 2.55709e-010 0 0 1
Step 42 0.42 0.01 1 2.65564e-010 0 0 1
Step 43 0.43 0.01 1 2.75744e-010 0 0 1
Step 44 0.44 0.01 1 2.86261e-010 0 0 1
Step 45 0.45 0.01 1 2.97126e-010 0 0 1
Step 46 0.46 0.01 1 3.08352e-010 0 0 1
Step 47 0.47 0.01 1 3.19952e-010 0 0 1
Step 48 0.48 0.01 1 3.3194e-010 0 0 1
Step 49 0.49 0.01 1 3.44329e-010 0 0 1
Step 50 0.5 0.01 1 3.57133e-010 0 0 1
Step 51 0.51 0.01 1 3.70368e-010 0 0 1
Step 52 0.52 0.01 1 3.84049e-010 0 0 1
Step 53 0.53 0.01 1 3.98192e-010 0 0 1
Step 54 0.54 0.01 1 4.12815e-010 0 0 1
Step 55 0.55 0.01 1 4.27933e-010 0 0 1
Step 56 0.56 0.01 1 4.43566e-010 0 0 1
Step 57 0.57 0.01 1 4.59731e-010 0 0 1
Step 58 0.58 0.01 1 4.76448e-010 0 0 1
Step 59 0.59 0.01 1 4.93737e-010 0 0 1
Step 60 0.6 0.01 1 5.11618e-010 0 0 1
Step 61 0.61 0.01 1 5.30112e-010 0 0 1
Step 62 0.62 0.01 1 5.49242e-010 0 0 1
Step 63 0.63 0.01 1 5.69031e-010 0 0 1
Step 64 0.64 0.01 1 5.89501e-010 0 0 1
Step 65 0.65 0.01 1 6.10678e-010 0 0 1
Step 66 0.66 0.01 1 6.32587e-010 0 0 1
Step 67 0.67 0.01 1 6.55253e-010 0 0 1
Step 68 0.68 0.01 1 6.78705e-010 0 0 1
Step 69 0.69 0.01 1 7.02969e-010 0 0 1
Step 70 0.7 0.01 1 7.28075e-010 0 0 1
Step 71 0.71 0.01 1 7.54054e-010 0 0 1
Step 72 0.72 0.01 1 7.80935e-010 0 0 1
Step 73 0.73 0.01 1 8.08752e-010 0 0 1
Step 74 0.74 0.01 1 8.37537e-010 0 0 1
Step 75 0.75 0.01 1 8.67324e-010 0 0 1
Step 76 0.76 0.01 1 8.98151e-010 0 0 1
Step 77 0.77 0.01 1 9.30052e-010 0 0 1
Step 78 0.78 0.01 1 9.63067e-010 0 0 1
Step 79 0.79 0.01 1 9.97235e-010 0 0 1
Step 80 0.8 0.01 1 1.0326e-009 0 0 1
Step 81 0.81 0.01 1 1.06919e-009 0 0 1
Step 82 0.82 0.01 1 1.10707e-009 0 0 1
Step 83 0.83 0.01 1 1.14628e-009 0 0 1
Step 84 0.84 0.01 1 1.18685e-009 0 0 1
Step 85 0.85 0.01 1 1.22885e-009 0 0 1
Step 86 0.86 0.01 1 1.27231e-009 0 0 1
Step 87 0.87 0.01 1 1.3173e-009 0 0 1
Step 88 0.88 0.01 1 1.36386e-009 0 0 1
Step 89 0.89 0.01 1 1.41206e-009 0 0 1
Step 90 0.9 0.01 1 1.46195e-009 0 0 1
Step 91 0.91 0.01 1 1.51358e-009 0 0 1
Step 92 0.92 0.01 1 1.56703e-009 0 0 1
Step 93 0.93 0.01 1 1.62234e-009 0 0 1
Step 94 0.94 0.01 1 1.6796e-009 0 0 1
Step 95 0.95 0.01 1 1.73887e-009 0 0 1
Step 96 0.96 0.01 1 1.80022e-009 0 0 1
Step 97 0.97 0.01 1 1.86371e-009 0 0 1
Step 98 0.98 0.01 1 1.92943e-009 0 0 1
Step 99 0.99 0.01 1 1.99746e-009 0 0 1
Step 100 1 0.01 1 2.06787e-009 0 0 1
Step 101 1.01 0.01 1 2.14075e-009 0 0 1
Step 102 1.02 0.01 1 2.21619e-009 0 0 1
Step 103 1.03 0.01 1 2.29426e-009 0 0 1
Step 104 1.04 0.01 1 2.37507e-009 0 0 1
Step 105 1.05 0.01 1 2.45871e-009 0 0 1
Step 106 1.06 0.01 1 2.54528e-009 0 0 1
Step 107 1.07 0.01 1 2.63487e-009 0 0 1
Step 108 1.08 0.01 1 2.72759e-009 0 0 1
Step 109 1.09 0.01 1 2.82354e-009 0 0 1
Step 110 1.1 0.01 1 2.92285e-009 0 0 1
Step 111 1.11 0.01 1 3.02561e-009 0 0 1
Step 112 1.12 0.01 1 3.13194e-009 0 0 1
Step 113 1.13 0.01 1 3.24197e-009 0 0 1
Step 114 1.14 0.01 1 3.35581e-009 0 0 1
Step 115 1.15 0.01 1 3.47359e-009 0 0 1
Step 116 1.16 0.01 1 3.59544e-009 0 0 1
Step 117 1.17 0.01 1 3.72148e-009 0 0 1
Step 118 1.18 0.01 1 3.85185e-009 0 0 1
Step 119 1.19 0.01 1 3.98667e-009 0 0 1
Step 120 1.2 0.01 1 4.12609e-009 0 0 1
Step 121 1.21 0.01 1 4.27023e-009 0 0 1
Step 122 1.22 0.01 1 4.41924e-009 0 0 1
Step 123 1.23 0.01 1 4.57325e-009 0 0 1
Step 124 1.24 0.01 1 4.73238e-009 0 0 1
Step 125 1.25 0.01 1 4.89678e-009 0 0 1
Step 126 1.26 0.01 1 5.06656e-009 0 0 1
Step 127 1.27 0.01 1 5.24185e-009 0 0 1
Step 128 1.28 0.01 1 5.42275e-009 0 0 1
Step 129 1.29 0.01 1 5.60938e-009 0 0 1
Step 130 1.3 0.01 1 5.80182e-009 0 0 1
Step 131 1.31 0.01 1 6.00016e-009 0 0 1
Step 132 1.32 0.01 1 6.20444e-009 0 0 1
Step 133 1.33 0.01 1 6.41472e-009 0 0 1
Step 134 1.34 0.01 1 6.63099e-009 0 0 1
Step 135 1.35 0.01 1 6.85324e-009 0 0 1
Step 136 1.36 0.01 1 7.08142e-009 0 0 1
Step 137 1.37 0.01 1 7.31542e-009 0 0 1
Step 138 1.38 0.01 1 7.5551e-009 0 0 1
Step 139 1.39 0.01 1 7.80026e-009 0 0 1
Step 140 1.4 0.01 1 8.05063e-009 0 0 1
Step 141 1.41 0.01 1 8.30586e-009 0 0 1
Step 142 1.42 0.01 1 8.56553e-009 0 0 1
Step 143 1.43 0.01 1 8.82911e-009 0 0 1
Step 144 1.44 0.01 1 9.09597e-009 0 0 1
Step 145 1.45 0.01 1 9.36536e-009 0 0 1
Step 146 1.46 0.01 1 9.63639e-009 0 0 1
Step 147 1.47 0.01 1 9.90803e-009 0 0 1
Step 148 1.48 0.01 1 1.01791e-008 0 0 1
Step 149 1.49 0.01 1 1.04482e-008 0 0 1
Step 150 1.5 0.01 1 1.07138e-008 0 0 1
Step 151 1.51 0.01 1 1.09741e-008 0 0 1
Step 152 1.52 0.01 1 1.12272e-008 0 0 1
Step 153 1.53 0.01 1 1.14708e-008 0 0 1
Step 154 1.54 0.01 1 1.17026e-008 0 0 1
Step 155 1.55 0.01 1 1.19198e-008 0 0 1
Step 156 1.56 0.01 1 1.21197e-008 0 0 1
Step 157 1.57 0.01 1 1.2299e-008 0 0 1
Step 158 1.58 0.01 1 1.24546e-008 0 0 1
Step 159 1.59 0.01 1 1.25829e-008 0 0 1
Step 160 1.6 0.01 1 1.26803e-008 0 0 1
Step 161 1.61 0.01 1 1.27431e-008 0 0 1
Step 162 1.62 0.01 1 1.27674e-008 0 0 1
Step 163 1.63 0.01 1 1.27496e-008 0 0 1
Step 164 1.64 0.01 1 1.26859e-008 0 0 1
Step 165 1.65 0.01 1 1.25729e-008 0 0 1
Step 166 1.66 0.01 1 1.24075e-008 0 0 1
Step 167 1.67 0.01 1 1.21868e-008 0 0 1
Step 168 1.68 0.01 1 1.19087e-008 0 0 1
Step 169 1.69 0.01 1 1.15716e-008 0 0 1
Step 170 1.7 0.01 1 1.11748e-008 0 0 1
Step 171 1.71 0.01 1 1.07184e-008 0 0 1
Step 172 1.72 0.01 1 1.02038e-008 0 0 1
Step 173 1.73 0.01 1 9.63311e-009 0 0 1
Step 174 1.74 0.01 1 9.01006e-009 0 0 1
Step 175 1.75 0.01 1 8.33942e-009 0 0 1
Step 176 1.76 0.01 1 7.62731e-009 0 0 1
Step 177 1.77 0.01 1 6.88103e-009 0 0 1
Step 178 1.78 0.01 1 6.10907e-009 0 0 1
Step 179 1.79 0.01 1 5.32096e-009 0 0 1
Step 180 1.8 0.01 1 4.5271e-009 0 0 1
Step 181 1.81 0.01 1 3.73868e-009 0 0 1
Step 182 1.82 0.01 1 2.96761e-009 0 0 1
Step 183 1.83 0.01 1 2.22693e-009 0 0 1
Step 184 1.84 0.01 1 1.53262e-009 0 0 1
Step 185 1.85 0.01 1 9.13425e-010 0 0 1
Step 186 1.86 0.01 1 4.80795e-010 0 0 1
Step 187 1.87 0.01 1 5.72297e-010 0 0 1
Step 188 1.88 0.01 1 9.48966e-010 0 0 1
Step 189 1.89 0.01 1 1.31629e-009 0 0 1
Step 190 1.9 0.01 1 1.62056e-009 0 0 1
Step 191 1.91 0.01 1 1.84833e-009 0 0 1
Step 192 1.92 0.01 1 1.99491e-009 0 0 1
Step 193 1.93 0.01 1 2.05949e-009 0 0 1
Step 194 1.94 0.01 1 2.04434e-009 0 0 1
Step 195 1.95 0.01 1 1.95579e-009 0 0 1
Step 196 1.96 0.01 1 1.80694e-009 0 0 1
Step 197 1.97 0.01 1 1.62433e-009 0 0 1
Step 198 1.98 0.01 1 1.461e-009 0 0 1
Step 199 1.99 0.01 1 1.40959e-009 0 0 1
Step 200 2 0.01 1 1.57026e-009 0 0 1
Step 201 2.01 0.01 1 1.96617e-009 0 0 1
Step 202 2.02 0.01 1 2.54798e-009 0 0 1
Step 203 2.03 0.01 1 3.2622e-009 0 0 1
Step 204 2.04 0.01 1 4.07234e-009 0 0 1
Step 205 2.05 0.01 1 4.95367e-009 0 0 1
Step 206 2.06 0.01 1 5.88718e-009 0 0 1
Step 207 2.07 0.01 1 6.85655e-009 0 0 1
Step 208 2.08 0.01 1 7.84679e-009 0 0 1
Step 209 2.09 0.01 1 8.8437e-009 0 0 1
Step 210 2.1 0.01 1 9.83383e-009 0 0 1
Step 211 2.11 0.01 1 1.08045e-008 0 0 1
Step 212 2.12 0.01 1 1.1744e-008 0 0 1
Step 213 2.13 0.01 1 1.26418e-008 0 0 1
Step 214 2.14 0.01 1 1.34886e-008 0 0 1
Step 215 2.15 0.01 1 1.42765e-008 0 0 1
Step 216 2.16 0.01 1 1.49992e-008 0 0 1
Step 217 2.17 0.01 1 1.56518e-008 0 0 1
Step 218 2.18 0.01 1 1.62309e-008 0 0 1
Step 219 2.19 0.01 1 1.67346e-008 0 0 1
Step 220 2.2 0.01 1 1.7162e-008 0 0 1
Step 221 2.21 0.01 1 1.75138e-008 0 0 1
Step 222 2.22 0.01 1 1.77916e-008 0 0 1
Step 223 2.23 0.01 1 1.79977e-008 0 0 1
Step 224 2.24 0.01 1 1.81355e-008 0 0 1
Step 225 2.25 0.01 1 1.82086e-008 0 0 1
Step 226 2.26 0.01 1 1.82213e-008 0 0 1
Step 227 2.27 0.01 1 1.81782e-008 0 0 1
Step 228 2.28 0.01 1 1.8084e-008 0 0 1
Step 229 2.29 0.01 1 1.79434e-008 0 0 1
Step 230 2.3 0.01 1 1.77613e-008 0 0 1
Step 231 2.31 0.01 1 1.75424e-008 0 0 1
Step 232 2.32 0.01 1 1.72911e-008 0 0 1
Step 233 2.33 0.01 1 1.70118e-008 0 0 1
Step 234 2.34 0.01 1 1.67085e-008 0 0 1
Step 235 2.35 0.01 1 1.63852e-008 0 0 1
Step 236 2.36 0.01 1 1.60454e-008 0 0 1
Step 237 2.37 0.01 1 1.56922e-008 0 0 1
Step 238 2.38 0.01 1 1.53287e-008 0 0 1
Step 239 2.39 0.01 1 1.49575e-008 0 0 1
Step 240 2.4 0.01 1 1.4581e-008 0 0 1
Step 241 2.41 0.01 1 1.42014e-008 0 0 1
Step 242 2.42 0.01 1 1.38206e-008 0 0 1
Step 243 2.43 0.01 1 1.34402e-008 0 0 1
Step 244 2.44 0.01 1 1.30617e-008 0 0 1
Step 245 2.45 0.01 1 1.26863e-008 0 0 1
Step 246 2.46 0.01 1 1.23151e-008 0 0 1
Step 247 2.47 0.01 1 1.19489e-008 0 0 1
Step 248 2.48 0.01 1 1.15887e-008 0 0 1
Step 249 2.49 0.01 1 1.12348e-008 0 0 1
Step 250 2.5 0.01 1 1.0888e-008 0 0 1
Step 251 2.51 0.01 1 1.05486e-008 0 0 1
Step 252 2.52 0.01 1 1.02168e-008 0 0 1
Step 253 2.53 0.01 1 9.89305e-009 0 0 1
Step 254 2.54 0.01 1 9.57737e-009 0 0 1
Step 255 2.55 0.01 1 9.2699e-009 0 0 1
Step 256 2.56 0.01 1 8.97071e-009 0 0 1
Step 257 2.57 0.01 1 8.67981e-009 0 0 1
Step 258 2.58 0.01 1 8.39715e-009 0 0 1
Step 259 2.59 0.01 1 8.1227e-009 0 0 1
Step 260 2.6 0.01 1 7.85637e-009 0 0 1
Step 261 2.61 0.01 1 7.59803e-009 0 0 1
Step 262 2.62 0.01 1 7.34759e-009 0 0 1
Step 263 2.63 0.01 1 7.10488e-009 0 0 1
Step 264 2.64 0.01 1 6.86976e-009 0 0 1
Step 265 2.65 0.01 1 6.64207e-009 0 0 1
Step 266 2.66 0.01 1 6.42163e-009 0 0 1
Step 267 2.67 0.01 1 6.20829e-009 0 0 1
Step 268 2.68 0.01 1 6.00185e-009 0 0 1
Step 269 2.69 0.01 1 5.80215e-009 0 0 1
Step 270 2.7 0.01 1 5.60899e-009 0 0 1
Step 271 2.71 0.01 1 5.42221e-009 0 0 1
Step 272 2.72 0.01 1 5.24161e-009 0 0 1
Step 273 2.73 0.01 1 5.06703e-009 0 0 1
Step 274 2.74 0.01 1 4.89829e-009 0 0 1
Step 275 2.75 0.01 1 4.73522e-009 0 0 1
Step 276 2.76 0.01 1 4.57764e-009 0 0 1
Step 277 2.77 0.01 1 4.42539e-009 0 0 1
Step 278 2.78 0.01 1 4.27831e-009 0 0 1
Step 279 2.79 0.01 1 4.13624e-009 0 0 1
Step 280 2.8 0.01 1 3.99902e-009 0 0 1
Step 281 2.81 0.01 1 3.8665e-009 0 0 1
Step 282 2.82 0.01 1 3.73854e-009 0 0 1
Step 283 2.83 0.01 1 3.61499e-009 0 0 1
Step 284 2.84 0.01 1 3.49571e-009 0 0 1
Step 285 2.85 0.01 1 3.38057e-009 0 0 1
Step 286 2.86 0.01 1 3.26944e-009 0 0 1
Step 287 2.87 0.01 1 3.16219e-009 0 0 1
Step 288 2.88 0.01 1 3.0587e-009 0 0 1
Step 289 2.89 0.01 1 2.95885e-009 0 0 1
Step 290 2.9 0.01 1 2.86252e-009 0 0 1
Step 291 2.91 0.01 1 2.76961e-009 0 0 1
Step 292 2.92 0.01 1 2.68001e-009 0 0 1
Step 293 2.93 0.01 1 2.59361e-009 0 0 1
Step 294 2.94 0.01 1 2.51031e-009 0 0 1
Step 295 2.95 0.01 1 2.43003e-009 0 0 1
Step 296 2.96 0.01 1 2.35266e-009 0 0 1
Step 297 2.97 0.01 1 2.27811e-009 0 0 1
Step 298 2.98 0.01 1 2.20631e-009 0 0 1
Step 299 2.99 0.01 1 2.13717e-009 0 0 1
Step 300 3 0.01 1 2.07061e-009 0 0 1
Step 301 3.01 0.01 1 2.00655e-009 0 0 1
Step 302 3.02 0.01 1 1.94493e-009 0 0 1
Step 303 3.03 0.01 1 1.88566e-009 0 0 1
Step 304 3.04 0.01 1 1.82869e-009 0 0 1
Step 305 3.05 0.01 1 1.77395e-009 0 0 1
Step 306 3.06 0.01 1 1.72139e-009 0 0 1
Step 307 3.07 0.01 1 1.67093e-009 0 0 1
Step 308 3.08 0.01 1 1.62254e-009 0 0 1
Step 309 3.09 0.01 1 1.57615e-009 0 0 1
Step 310 3.1 0.01 1 1.53172e-009 0 0 1
Step 311 3.11 0.01 1 1.4892e-009 0 0 1
Step 312 3.12 0.01 1 1.44855e-009 0 0 1
Step 313 3.13 0.01 1 1.40972e-009 0 0 1
Step 314 3.14 0.01 1 1.37268e-009 0 0 1
Step 315 3.15 0.01 1 1.33739e-009 0 0 1
Step 316 3.16 0.01 1 1.30382e-009 0 0 1
Step 317 3.17 0.01 1 1.27194e-009 0 0 1
Step 318 3.18 0.01 1 1.24171e-009 0 0 1
Step 319 3.19 0.01 1 1.21312e-009 0 0 1
Step 320 3.2 0.01 1 1.18614e-009 0 0 1
Step 321 3.21 0.01 1 1.16075e-009 0 0 1
Step 322 3.22 0.01 1 1.13693e-009 0 0 1
Step 323 3.23 0.01 1 1.11466e-009 0 0 1
Step 324 3.24 0.01 1 1.09392e-009 0 0 1
Step 325 3.25 0.01 1 1.07472e-009 0 0 1
Step 326 3.26 0.01 1 1.05702e-009 0 0 1
Step 327 3.27 0.01 1 1.04083e-009 0 0 1
Step 328 3.28 0.01 1 1.02613e-009 0 0 1
Step 329 3.29 0.01 1 1.01293e-009 0 0 1
Step 330 3.3 0.01 1 1.0012e-009 0 0 1
Step 331 3.31 0.01 1 9.90957e-010 0 0 1
Step 332 3.32 0.01 1 9.82188e-010 0 0 1
Step 333 3.33 0.01 1 9.74891e-010 0 0 1
Step 334 3.34 0.01 1 9.69064e-010 0 0 1
Step 335 3.35 0.01 1 9.64707e-010 0 0 1
Step 336 3.36 0.01 1 9.61817e-010 0 0 1
Step 337 3.37 0.01 1 9.60395e-010 0 0 1
Step 338 3.38 0.01 1 9.6044e-010 0 0 1
Step 339 3.39 0.01 1 9.61953e-010 0 0 1
Step 340 3.4 0.01 1 9.64932e-010 0 0 1
Step 341 3.41 0.01 1 9.6938e-010 0 0 1
Step 342 3.42 0.01 1 9.75297e-010 0 0 1
Step 343 3.43 0.01 1 9.82685e-010 0 0 1
Step 344 3.44 0.01 1 9.91545e-010 0 0 1
Step 345 3.45 0.01 1 1.00188e-009 0 0 1
Step 346 3.46 0.01 1 1.0137e-009 0 0 1
Step 347 3.47 0.01 1 1.027e-009 0 0 1
Step 348 3.48 0.01 1 1.04178e-009 0 0 1
Step 349 3.49 0.01 1 1.05807e-009 0 0 1
Step 350 3.5 0.01 1 1.07586e-009 0 0 1
Step 351 3.51 0.01 1 1.09516e-009 0 0 1
Step 352 3.52 0.01 1 1.11599e-009 0 0 1
Step 353 3.53 0.01 1 1.13835e-009 0 0 1
Step 354 3.54 0.01 1 1.16227e-009 0 0 1
Step 355 3.55 0.01 1 1.18776e-009 0 0 1
Step 356 3.56 0.01 1 1.21484e-009 0 0 1
Step 357 3.57 0.01 1 1.24353e-009 0 0 1
Step 358 3.58 0.01 1 1.27386e-009 0 0 1
Step 359 3.59 0.01 1 1.30585e-009 0 0 1
Step 360 3.6 0.01 1 1.33953e-009 0 0 1
Step 361 3.61 0.01 1 1.37493e-009 0 0 1
Step 362 3.62 0.01 1 1.41208e-009 0 0 1
Step 363 3.63 0.01 1 1.45103e-009 0 0 1
Step 364 3.64 0.01 1 1.4918e-009 0 0 1
Step 365 3.65 0.01 1 1.53444e-009 0 0 1
Step 366 3.66 0.01 1 1.579e-009 0 0 1
Step 367 3.67 0.01 1 1.62552e-009 0 0 1
Step 368 3.68 0.01 1 1.67405e-009 0 0 1
Step 369 3.69 0.01 1 1.72465e-009 0 0 1
Step 370 3.7 0.01 1 1.77736e-009 0 0 1
Step 371 3.71 0.01 1 1.83225e-009 0 0 1
Step 372 3.72 0.01 1 1.88937e-009 0 0 1
Step 373 3.73 0.01 1 1.9488e-009 0 0 1
Step 374 3.74 0.01 1 2.01059e-009 0 0 1
Step 375 3.75 0.01 1 2.07482e-009 0 0 1
Step 376 3.76 0.01 1 2.14156e-009 0 0 1
Step 377 3.77 0.01 1 2.21089e-009 0 0 1
Step 378 3.78 0.01 1 2.28289e-009 0 0 1
Step 379 3.79 0.01 1 2.35763e-009 0 0 1
Step 380 3.8 0.01 1 2.4352e-009 0 0 1
Step 381 3.81 0.01 1 2.5157e-009 0 0 1
Step 382 3.82 0.01 1 2.59921e-009 0 0 1
Step 383 3.83 0.01 1 2.68583e-009 0 0 1
Step 384 3.84 0.01 1 2.77566e-009 0 0 1
Step 385 3.85 0.01 1 2.8688e-009 0 0 1
Step 386 3.86 0.01 1 2.96535e-009 0 0 1
Step 387 3.87 0.01 1 3.06543e-009 0 0 1
Step 388 3.88 0.01 1 3.16914e-009 0 0 1
Step 389 3.89 0.01 1 3.2766e-009 0 0 1
Step 390 3.9 0.01 1 3.38794e-009 0 0 1
Step 391 3.91 0.01 1 3.50326e-009 0 0 1
Step 392 3.92 0.01 1 3.62269e-009 0 0 1
Step 393 3.93 0.01 1 3.74637e-009 0 0 1
Step 394 3.94 0.01 1 3.87441e-009 0 0 1
Step 395 3.95 0.01 1 4.00695e-009 0 0 1
Step 396 3.96 0.01 1 4.14412e-009 0 0 1
Step 397 3.97 0.01 1 4.28606e-009 0 0 1
Step 398 3.98 0.01 1 4.43289e-009 0 0 1
Step 399 3.99 0.01 1 4.58476e-009 0 0 1
Step 400 4 0.01 1 4.74179e-009 0 0 1
Step 401 4.01 0.01 1 4.90411e-009 0 0 1
Step 402 4.02 0.01 1 5.07184e-009 0 0 1
Step 403 4.03 0.01 1 5.24512e-009 0 0 1
Step 404 4.04 0.01 1 5.42405e-009 0 0 1
Step 405 4.05 0.01 1 5.60873e-009 0 0 1
Step 406 4.06 0.01 1 5.79927e-009 0 0 1
Step 407 4.07 0.01 1 5.99574e-009 0 0 1
Step 408 4.08 0.01 1 6.1982e-009 0 0 1
Step 409 4.09 0.01 1 6.4067e-009 0 0 1
Step 410 4.1 0.01 1 6.62125e-009 0 0 1
Step 411 4.11 0.01 1 6.84183e-009 0 0 1
Step 412 4.12 0.01 1 7.06842e-009 0 0 1
Step 413 4.13 0.01 1 7.30091e-009 0 0 1
Step 414 4.14 0.01 1 7.53916e-009 0 0 1
Step 415 4.15 0.01 1 7.783e-009 0 0 1
Step 416 4.16 0.01 1 8.03216e-009 0 0 1
Step 417 4.17 0.01 1 8.28632e-009 0 0 1
Step 418 4.18 0.01 1 8.54507e-009 0 0 1
Step 419 4.19 0.01 1 8.80791e-009 0 0 1
Step 420 4.2 0.01 1 9.07423e-009 0 0 1
Step 421 4.21 0.01 1 9.34331e-009 0 0 1
Step 422 4.22 0.01 1 9.61428e-009 0 0 1
Step 423 4.23 0.01 1 9.88615e-009 0 0 1
Step 424 4.24 0.01 1 1.01578e-008 0 0 1
Step 425 4.25 0.01 1 1.04278e-008 0 0 1
Step 426 4.26 0.01 1 1.06947e-008 0 0 1
Step 427 4.27 0.01 1 1.09568e-008 0 0 1
Step 428 4.28 0.01 1 1.12121e-008 0 0 1
Step 429 4.29 0.01 1 1.14586e-008 0 0 1
Step 430 4.3 0.01 1 1.16937e-008 0 0 1
Step 431 4.31 0.01 1 1.1915e-008 0 0 1
Step 432 4.32 0.01 1 1.21196e-008 0 0 1
Step 433 4.33 0.01 1 1.23044e-008 0 0 1
Step 434 4.34 0.01 1 1.24661e-008 0 0 1
Step 435 4.35 0.01 1 1.26014e-008 0 0 1
Step 436 4.36 0.01 1 1.27065e-008 0 0 1
Step 437 4.37 0.01 1 1.27779e-008 0 0 1
Step 438 4.38 0.01 1 1.28116e-008 0 0 1
Step 439 4.39 0.01 1 1.28039e-008 0 0 1
Step 440 4.4 0.01 1 1.27512e-008 0 0 1
Step 441 4.41 0.01 1 1.26498e-008 0 0 1
Step 442 4.42 0.01 1 1.24965e-008 0 0 1
Step 443 4.43 0.01 1 1.22885e-008 0 0 1
Step 444 4.44 0.01 1 1.20234e-008 0 0 1
Step 445 4.45 0.01 1 1.16995e-008 0 0 1
Step 446 4.46 0.01 1 1.13159e-008 0 0 1
Step 447 4.47 0.01 1 1.08724e-008 0 0 1
Step 448 4.48 0.01 1 1.03701e-008 0 0 1
Step 449 4.49 0.01 1 9.81108e-009 0 0 1
Step 450 4.5 0.01 1 9.19861e-009 0 0 1
Step 451 4.51 0.01 1 8.53723e-009 0 0 1
Step 452 4.52 0.01 1 7.83278e-009 0 0 1
Step 453 4.53 0.01 1 7.09231e-009 0 0 1
Step 454 4.54 0.01 1 6.32408e-009 0 0 1
Step 455 4.55 0.01 1 5.53739e-009 0 0 1
Step 456 4.56 0.01 1 4.74249e-009 0 0 1
Step 457 4.57 0.01 1 3.95042e-009 0 0 1
Step 458 4.58 0.01 1 3.17294e-009 0 0 1
Step 459 4.59 0.01 1 2.42271e-009 0 0 1
Step 460 4.6 0.01 1 1.7146e-009 0 0 1
Step 461 4.61 0.01 1 1.07172e-009 0 0 1
Step 462 4.62 0.01 1 5.6543e-010 0 0 1
Step 463 4.63 0.01 1 4.95881e-010 0 0 1
Step 464 4.64 0.01 1 8.39566e-010 0 0 1
Step 465 4.65 0.01 1 1.21491e-009 0 0 1
Step 466 4.66 0.01 1 1.53482e-009 0 0 1
Step 467 4.67 0.01 1 1.78048e-009 0 0 1
Step 468 4.68 0.01 1 1.9457e-009 0 0 1
Step 469 4.69 0.01 1 2.02888e-009 0 0 1
Step 470 4.7 0.01 1 2.03163e-009 0 0 1
Step 471 4.71 0.01 1 1.95936e-009 0 0 1
Step 472 4.72 0.01 1 1.82362e-009 0 0 1
Step 473 4.73 0.01 1 1.64781e-009 0 0 1
Step 474 4.74 0.01 1 1.47892e-009 0 0 1
Step 475 4.75 0.01 1 1.40235e-009 0 0 1
Step 476 4.76 0.01 1 1.52218e-009 0 0 1
Step 477 4.77 0.01 1 1.8788e-009 0 0 1
Step 478 4.78 0.01 1 2.43105e-009 0 0 1
Step 479 4.79 0.01 1 3.12384e-009 0 0 1
Step 480 4.8 0.01 1 3.91819e-009 0 0 1
Step 481 4.81 0.01 1 4.78792e-009 0 0 1
Step 482 4.82 0.01 1 5.7134e-009 0 0 1
Step 483 4.83 0.01 1 6.67797e-009 0 0 1
Step 484 4.84 0.01 1 7.66646e-009 0 0 1
Step 485 4.85 0.01 1 8.66453e-009 0 0 1
Step 486 4.86 0.01 1 9.65857e-009 0 0 1
Step 487 4.87 0.01 1 1.06357e-008 0 0 1
Step 488 4.88 0.01 1 1.1584e-008 0 0 1
Step 489 4.89 0.01 1 1.24926e-008 0 0 1
Step 490 4.9 0.01 1 1.3352e-008 0 0 1
Step 491 4.91 0.01 1 1.41539e-008 0 0 1
Step 492 4.92 0.01 1 1.48917e-008 0 0 1
Step 493 4.93 0.01 1 1.55602e-008 0 0 1
Step 494 4.94 0.01 1 1.61556e-008 0 0 1
Step 495 4.95 0.01 1 1.66757e-008 0 0 1
Step 496 4.96 0.01 1 1.71196e-008 0 0 1
Step 497 4.97 0.01 1 1.74874e-008 0 0 1
Step 498 4.98 0.01 1 1.77807e-008 0 0 1
Step 499 4.99 0.01 1 1.80016e-008 0 0 1
Step 500 5 0.01 1 1.81533e-008 0 0 1
Step 501 5.01 0.01 1 1.82395e-008 0 0 1
