output frequency: 1
structural node: 1 0 0 0 euler123 -0 0 0
body: 1 1 1 0 0 0 0.00770833 0 0 0 0.009375 0 0 0 0.00208333
struct node dofs: 0
struct node eqs: 6
struct node momentum dofs: 6
struct node momentum eqs: 0
struct displacement node dofs: 0
struct displacement node eqs: 6
struct displacement node momentum dofs: 6
struct displacement node momentum eqs: 0
struct node labels: 1
struct displacement node labels: 1
Symbol table:
  integer Body_Block = 1
  const bool FALSE = 0
  const integer INT_MAX = 2147483647
  const integer INT_MIN = -2147483648
  real Ixx = 0.00770833
  real Iyy = 0.009375
  real Izz = 0.00208333
  real Lx = 0.15
  real Ly = 0.05
  real Lz = 0.3
  real M = 1.
  integer Node_Block = 1
  const integer RAND_MAX = 32767
  const real REAL_MAX = 1.79769e+308
  const real REAL_MIN = 2.22507e-308
  integer Step = 0
  const bool TRUE = 1
  real Time = 0.
  real TimeStep = 0.
  real Var = 0.
  real Wx0 = 5.
  real Wy0 = 0.02
  real Wz0 = 0.
  const real deg2rad = 0.0174533
  const real e = 2.71828
  const real ft2m = 0.3048
  const real in2m = 0.0254
  const real in2mm = 25.4
  const real kg2lb = 2.20462
  const real kg2slug = 0.0685218
  const real lb2kg = 0.453592
  const real m2ft = 3.28084
  const real m2in = 39.3701
  const real mm2in = 0.0393701
  const real pi = 3.14159
  const real rad2deg = 57.2958
  const real slug2kg = 14.5939
Environment:
  ALLUSERSPROFILE=C:\ProgramData
  ANDROID_HOME=C:\Users\user\AppData\Local\Android\Sdk
  APPDATA=C:\Users\user\AppData\Roaming
  asl.log=Destination=file
  CommonProgramFiles=C:\Program Files (x86)\Common Files
  CommonProgramFiles(x86)=C:\Program Files (x86)\Common Files
  CommonProgramW6432=C:\Program Files\Common Files
  COMPUTERNAME=DESKTOP-3JMDPF2
  ComSpec=C:\WINDOWS\system32\cmd.exe
  DriverData=C:\Windows\System32\Drivers\DriverData
  FPS_BROWSER_APP_PROFILE_STRING=Internet Explorer
  FPS_BROWSER_USER_PROFILE_STRING=Default
  GTK_BASEPATH=C:\Program Files (x86)\GtkSharp\2.12\
  HOMEDRIVE=C:
  HOMEPATH=\Users\user
  LOCALAPPDATA=C:\Users\user\AppData\Local
  LOGONSERVER=\\DESKTOP-3JMDPF2
  NUMBER_OF_PROCESSORS=4
  OneDrive=C:\Users\user\OneDrive
  OneDriveConsumer=C:\Users\user\OneDrive
  OS=Windows_NT
  Path=C:\Program Files (x86)\Common Files\Oracle\Java\javapath;C:\Program Files (x86)\Intel\iCLS Client\;C:\Program Files\Intel\iCLS Client\;C:\Program Files\Haskell\bin;C:\Program Files\Haskell Platform\8.2.1\lib\extralibs\bin;C:\Program Files\Haskell Platform\8.2.1\bin;C:\WINDOWS\system32;C:\WINDOWS;C:\WINDOWS\System32\Wbem;C:\WINDOWS\System32\WindowsPowerShell\v1.0\;C:\Program Files\PuTTY\;C:\Program Files\erl9.0\bin;C:\Program Files\Haskell Platform\8.2.1\mingw\bin;C:\Program Files (x86)\Intel\Intel(R) Management Engine Components\DAL;C:\Program Files\Intel\Intel(R) Management Engine Components\DAL;C:\Program Files (x86)\Intel\Intel(R) Management Engine Components\IPT;C:\Program Files\Intel\Intel(R) Management Engine Components\IPT;C:\WINDOWS\System32\OpenSSH\;C:\Program Files\dotnet\;C:\Program Files\Microsoft SQL Server\130\Tools\Binn\;C:\Program Files (x86)\Microsoft VS Code\bin;C:\Users\user\openGL\freeglut\bin;C:\Program Files\Intel\WiFi\bin\;C:\Program Files\Common Files\Intel\WirelessCommon\;C:\Program Files\Git\cmd;C:\Program Files\nodejs\;C:\Users\user\AppData\Local\Programs\Python\Python37-32\Scripts\;C:\Users\user\AppData\Local\Programs\Python\Python37-32\;C:\Users\user\.cargo\bin;C:\Users\user\AppData\Roaming\cabal\bin;C:\Users\user\AppData\Roaming\local\bin;C:\Users\user\AppData\Local\Programs\Python\Python36-32\Scripts\;C:\Users\user\AppData\Local\Programs\Python\Python36-32\;C:\Program Files\Java\jdk1.8.0_101\bin\;C:\Program Files\Common Files\Intel\WirelessCommon\;C:\Program Files\Intel\WiFi\bin\;C:\Users\user\AppData\Local\Microsoft\WindowsApps;C:\Program Files (x86)\Microsoft VS Code\bin;C:\Users\user\AppData\Local\atom\bin;C:\Users\user\AppData\Local\GitHubDesktop\bin;C:\Users\user\AppData\Local\Microsoft\WindowsApps;C:\Users\user\AppData\Roaming\npm
  PATHEXT=.COM;.EXE;.BAT;.CMD;.VBS;.VBE;.JS;.JSE;.WSF;.WSH;.MSC
  PROCESSOR_ARCHITECTURE=x86
  PROCESSOR_ARCHITEW6432=AMD64
  PROCESSOR_IDENTIFIER=Intel64 Family 6 Model 78 Stepping 3, GenuineIntel
  PROCESSOR_LEVEL=6
  PROCESSOR_REVISION=4e03
  ProgramData=C:\ProgramData
  ProgramFiles=C:\Program Files (x86)
  ProgramFiles(x86)=C:\Program Files (x86)
  ProgramW6432=C:\Program Files
  PSModulePath=C:\Program Files\WindowsPowerShell\Modules;C:\WINDOWS\system32\WindowsPowerShell\v1.0\Modules
  PUBLIC=C:\Users\Public
  SESSIONNAME=Console
  STACK_ROOT=C:\sr
  SystemDrive=C:
  SystemRoot=C:\WINDOWS
  TEMP=C:\Users\user\AppData\Local\Temp
  TMP=C:\Users\user\AppData\Local\Temp
  USERDOMAIN=DESKTOP-3JMDPF2
  USERDOMAIN_ROAMINGPROFILE=DESKTOP-3JMDPF2
  USERNAME=soobakagune49
  USERPROFILE=C:\Users\user
  VBOX_MSI_INSTALL_PATH=C:\Program Files\Oracle\VirtualBox\
  VS140COMNTOOLS=C:\Program Files (x86)\Microsoft Visual Studio 14.0\Common7\Tools\
  VS150ENTCOMNTOOLS=C:\Program Files (x86)\Microsoft Visual Studio\2017\Enterprise\Common7\Tools\
  windir=C:\WINDOWS
